<?xml version="1.0" encoding="UTF-8"?>
<!-- Generated by org.testng.reporters.JUnitReportReporter -->
<testsuite skipped="0" hostname="DESKTOP-8UF8IDL" name="com.ntiit.StepDefs.DropdownmenuSD" tests="1" failures="0" timestamp="05 Jan 2020 02:56:46 GMT" time="9.263" errors="0">
  <testcase name="clickdropdown" time="9.263" classname="com.ntiit.StepDefs.DropdownmenuSD"/>
</testsuite> <!-- com.ntiit.StepDefs.DropdownmenuSD -->
